<?xml version="1.0" encoding="UTF-8"?>
<!-- Generated by org.testng.reporters.JUnitReportReporter -->
<testsuite hostname="Dhruv" failures="0" tests="5" name="pack1.TestCases.Travelers_Test" time="2.331" errors="0" timestamp="2023-12-11T16:32:59 IST" skipped="2">
  <testcase classname="pack1.TestCases.Travelers_Test" name="getTravelsInfo" time="1.734"/>
  <system-out/>
  <testcase classname="pack1.TestCases.Travelers_Test" name="create_traveler" time="0.420"/>
  <system-out/>
  <testcase classname="pack1.TestCases.Travelers_Test" name="get_tourist_created" time="0.177"/>
  <system-out/>
  <testcase classname="pack1.TestCases.Travelers_Test" name="create_new_created">
    <skipped/>
  </testcase> <!-- create_new_created -->
  <system-out/>
  <testcase classname="pack1.TestCases.Travelers_Test" name="deleteTravelsInfo">
    <skipped/>
  </testcase> <!-- deleteTravelsInfo -->
  <system-out/>
</testsuite> <!-- pack1.TestCases.Travelers_Test -->
