<?xml version="1.0" encoding="UTF-8"?>
<!-- Generated by org.testng.reporters.JUnitReportReporter -->
<testsuite hostname="Dhruv" failures="0" tests="5" name="pack1.TestCases.Travelers_Test" time="3.701" errors="0" timestamp="2023-12-20T10:41:19 IST" skipped="2">
  <testcase classname="pack1.TestCases.Travelers_Test" name="getTravelsInfo" time="1.708"/>
  <system-out/>
  <testcase classname="pack1.TestCases.Travelers_Test" name="create_traveler" time="1.499"/>
  <system-out/>
  <testcase classname="pack1.TestCases.Travelers_Test" name="get_tourist_created" time="0.494"/>
  <system-out/>
  <testcase classname="pack1.TestCases.Travelers_Test" name="create_new_created">
    <skipped/>
  </testcase> <!-- create_new_created -->
  <system-out/>
  <testcase classname="pack1.TestCases.Travelers_Test" name="deleteTravelsInfo">
    <skipped/>
  </testcase> <!-- deleteTravelsInfo -->
  <system-out/>
</testsuite> <!-- pack1.TestCases.Travelers_Test -->
