<?xml version="1.0" encoding="UTF-8"?>
<!-- Generated by org.testng.reporters.JUnitReportReporter -->
<testsuite hostname="Dhruv" failures="0" tests="5" name="pack1.TestCases.Travelers_Test" time="3.059" errors="0" timestamp="2023-12-17T10:53:54 IST" skipped="2">
  <testcase classname="pack1.TestCases.Travelers_Test" name="getTravelsInfo" time="1.774"/>
  <system-out/>
  <testcase classname="pack1.TestCases.Travelers_Test" name="create_traveler" time="0.996"/>
  <system-out/>
  <testcase classname="pack1.TestCases.Travelers_Test" name="get_tourist_created" time="0.289"/>
  <system-out/>
  <testcase classname="pack1.TestCases.Travelers_Test" name="create_new_created">
    <skipped/>
  </testcase> <!-- create_new_created -->
  <system-out/>
  <testcase classname="pack1.TestCases.Travelers_Test" name="deleteTravelsInfo">
    <skipped/>
  </testcase> <!-- deleteTravelsInfo -->
  <system-out/>
</testsuite> <!-- pack1.TestCases.Travelers_Test -->
